C51 COMPILER V9.60.0.0   LCD                                                               03/07/2011 05:08:37 PAGE 1   


C51 COMPILER V9.60.0.0, COMPILATION OF MODULE LCD
OBJECT MODULE PLACED IN .\Objects\lcd.obj
COMPILER INVOKED BY: C:\Keil_v5\C51\BIN\C51.EXE lcd.c OPTIMIZE(8,SPEED) BROWSE DEBUG OBJECTEXTEND PRINT(.\Listings\lcd.l
                    -st) TABS(2) OBJECT(.\Objects\lcd.obj)

line level    source

   1          #include<reg51.h>
   2          #define cmdport P3
   3          #define dataport P2
   4          #define q 100
   5          sbit rs=cmdport^0;
   6          sbit rw=cmdport^1;
   7          sbit e=cmdport^6;
   8          
   9          void delay(unsigned int msec)
  10          {
  11   1        int i,j;
  12   1        for(i=0;i<msec;i++)
  13   1        for(j=0;j<1275;j++);
  14   1      }
  15          
  16          void lcdcmd(unsigned char item)
  17          {
  18   1        dataport=item;
  19   1        rs=0;
  20   1        rw=0;
  21   1        e=1;
  22   1        delay(1);
  23   1        e=0;
  24   1      }
  25          
  26          void lcddata(unsigned char item)
  27          {
  28   1        dataport=item;
  29   1        rs=1;
  30   1        rw=0;
  31   1        e=1;
  32   1        delay(1);
  33   1        e=0;
  34   1      }
  35          
  36          
  37          void main()
  38          {
  39   1        lcdcmd(0x38);
  40   1        delay(10);
  41   1        lcdcmd(0x0E);
  42   1        delay(10);
  43   1        lcdcmd(0x01);
  44   1        delay(10);
  45   1        lcdcmd(0x06);
  46   1        delay(10);
  47   1        lcdcmd(0x86);
  48   1        delay(10);
  49   1        lcddata('I');
  50   1          lcddata('L');
  51   1          lcddata('O');
  52   1          lcddata('V');
  53   1          lcddata('E');
  54   1          lcddata('M');
C51 COMPILER V9.60.0.0   LCD                                                               03/07/2011 05:08:37 PAGE 2   

  55   1        delay(100);
  56   1      }


MODULE INFORMATION:   STATIC OVERLAYABLE
   CODE SIZE        =    137    ----
   CONSTANT SIZE    =   ----    ----
   XDATA SIZE       =   ----    ----
   PDATA SIZE       =   ----    ----
   DATA SIZE        =   ----    ----
   IDATA SIZE       =   ----    ----
   BIT SIZE         =   ----    ----
END OF MODULE INFORMATION.


C51 COMPILATION COMPLETE.  0 WARNING(S),  0 ERROR(S)
