C51 COMPILER V9.60.7.0   LED                                                               02/21/2024 18:08:43 PAGE 1   


C51 COMPILER V9.60.7.0, COMPILATION OF MODULE LED
OBJECT MODULE PLACED IN .\Objects\led.obj
COMPILER INVOKED BY: C:\Keil_v5\C51\BIN\C51.EXE led.c OPTIMIZE(8,SPEED) BROWSE DEBUG OBJECTEXTEND PRINT(.\Listings\led.l
                    -st) TABS(2) OBJECT(.\Objects\led.obj)

line level    source

   1          #include<reg51.h>
   2          
   3          delay_ms(int time)
   4          {
   5   1        int i,j;
   6   1        for(i=0;i<time;i++)
   7   1        for(j=0;j<1275;j++);
   8   1      }
   9          
  10          void main()
  11          {
  12   1        while(1)
  13   1        {
  14   2          P2.0=1;
*** ERROR C141 IN LINE 14 OF led.c: syntax error near '.0', expected ';'
  15   2          delay_ms(100);
  16   2          P2.0=0;
*** ERROR C141 IN LINE 16 OF led.c: syntax error near '.0', expected ';'
  17   2          delay_ms(100);
  18   2          
  19   2        }
  20   1      }

C51 COMPILATION COMPLETE.  0 WARNING(S),  2 ERROR(S)
