C51 COMPILER V9.60.7.0   7SEGMENT                                                          02/21/2024 22:28:32 PAGE 1   


C51 COMPILER V9.60.7.0, COMPILATION OF MODULE 7SEGMENT
OBJECT MODULE PLACED IN .\Objects\7segment.obj
COMPILER INVOKED BY: C:\Keil_v5\C51\BIN\C51.EXE 7segment.c OPTIMIZE(8,SPEED) BROWSE DEBUG OBJECTEXTEND PRINT(.\Listings\
                    -7segment.lst) TABS(2) OBJECT(.\Objects\7segment.obj)

line level    source

   1          #include<reg51.h>
   2          
   3          delay_ms(int time)
   4          {
   5   1        int i,j;
   6   1        for(i=0;i<time;i++)
   7   1        for(j=0;j<1275;j++);
   8   1      }
   9          
  10          void main()
  11          {
  12   1        char num[]={0x3f,0x06,0x5b,0x4f,0x66,0x6d,0x7d,0x07,0x7f,0x6f};
  13   1          int c;
  14   1        while(1)
  15   1        {
  16   2          for(c=0;c<10;c++)
  17   2          {
  18   3            P2=num[c];
  19   3            delay_ms(100);
  20   3          }
  21   2          
  22   2        }
  23   1      }
*** WARNING C290 IN LINE 8 OF 7segment.c: missing return value


MODULE INFORMATION:   STATIC OVERLAYABLE
   CODE SIZE        =     87    ----
   CONSTANT SIZE    =     10    ----
   XDATA SIZE       =   ----    ----
   PDATA SIZE       =   ----    ----
   DATA SIZE        =   ----      10
   IDATA SIZE       =   ----    ----
   BIT SIZE         =   ----    ----
END OF MODULE INFORMATION.


C51 COMPILATION COMPLETE.  1 WARNING(S),  0 ERROR(S)
